[debug] [2022-02-03T06:14:48.553Z] ----------------------------------------------------------------------
[debug] [2022-02-03T06:14:48.555Z] Command:       C:\Program Files\nodejs\node.exe C:\Users\duytr\AppData\Roaming\npm\node_modules\firebase-tools\lib\bin\firebase.js deploy
[debug] [2022-02-03T06:14:48.555Z] CLI Version:   10.1.4
[debug] [2022-02-03T06:14:48.555Z] Platform:      win32
[debug] [2022-02-03T06:14:48.555Z] Node Version:  v14.18.0
[debug] [2022-02-03T06:14:48.556Z] Time:          Wed Feb 02 2022 22:14:48 GMT-0800 (Pacific Standard Time)
[debug] [2022-02-03T06:14:48.556Z] ----------------------------------------------------------------------
[debug] 
[debug] [2022-02-03T06:14:48.611Z] > command requires scopes: ["email","openid","https://www.googleapis.com/auth/cloudplatformprojects.readonly","https://www.googleapis.com/auth/firebase","https://www.googleapis.com/auth/cloud-platform"]
[debug] [2022-02-03T06:14:48.611Z] > authorizing via signed-in user (duytranvinh@gmail.com)
[debug] [2022-02-03T06:14:48.612Z] [iam] checking project nft-preview-card-compone-6ba98 for permissions ["firebase.projects.get","firebasehosting.sites.update"]
[debug] [2022-02-03T06:14:48.613Z] >>> [apiv2][query] POST https://cloudresourcemanager.googleapis.com/v1/projects/nft-preview-card-compone-6ba98:testIamPermissions [none]
[debug] [2022-02-03T06:14:48.613Z] >>> [apiv2][body] POST https://cloudresourcemanager.googleapis.com/v1/projects/nft-preview-card-compone-6ba98:testIamPermissions {"permissions":["firebase.projects.get","firebasehosting.sites.update"]}
[debug] [2022-02-03T06:14:48.876Z] <<< [apiv2][status] POST https://cloudresourcemanager.googleapis.com/v1/projects/nft-preview-card-compone-6ba98:testIamPermissions 200
[debug] [2022-02-03T06:14:48.876Z] <<< [apiv2][body] POST https://cloudresourcemanager.googleapis.com/v1/projects/nft-preview-card-compone-6ba98:testIamPermissions {"permissions":["firebase.projects.get","firebasehosting.sites.update"]}
[debug] [2022-02-03T06:14:48.877Z] >>> [apiv2][query] GET https://firebase.googleapis.com/v1beta1/projects/nft-preview-card-compone-6ba98 [none]
[debug] [2022-02-03T06:14:49.083Z] <<< [apiv2][status] GET https://firebase.googleapis.com/v1beta1/projects/nft-preview-card-compone-6ba98 200
[debug] [2022-02-03T06:14:49.083Z] <<< [apiv2][body] GET https://firebase.googleapis.com/v1beta1/projects/nft-preview-card-compone-6ba98 {"projectId":"nft-preview-card-compone-6ba98","projectNumber":"16492395526","displayName":"NFT Preview Card Component","name":"projects/nft-preview-card-compone-6ba98","resources":{"hostingSite":"nft-preview-card-compone-6ba98"},"state":"ACTIVE"}
[info] 
[info] === Deploying to 'nft-preview-card-compone-6ba98'...
[info] 
[info] i  deploying hosting 
[debug] [2022-02-03T06:14:49.087Z] > refreshing access token with scopes: ["email","https://www.googleapis.com/auth/cloud-platform","https://www.googleapis.com/auth/cloudplatformprojects.readonly","https://www.googleapis.com/auth/firebase","openid"]
[debug] [2022-02-03T06:14:49.087Z] >>> HTTP REQUEST POST https://www.googleapis.com/oauth2/v3/token  
 <request body omitted>
[debug] [2022-02-03T06:14:49.207Z] <<< HTTP RESPONSE 200 {"date":"Thu, 03 Feb 2022 06:14:50 GMT","cache-control":"no-cache, no-store, max-age=0, must-revalidate","expires":"Mon, 01 Jan 1990 00:00:00 GMT","pragma":"no-cache","content-type":"application/json; charset=utf-8","vary":"X-Origin, Referer, Origin,Accept-Encoding","server":"scaffolding on HTTPServer2","x-xss-protection":"0","x-frame-options":"SAMEORIGIN","x-content-type-options":"nosniff","alt-svc":"h3=\":443\"; ma=2592000,h3-29=\":443\"; ma=2592000,h3-Q050=\":443\"; ma=2592000,h3-Q046=\":443\"; ma=2592000,h3-Q043=\":443\"; ma=2592000,quic=\":443\"; ma=2592000; v=\"46,43\"","accept-ranges":"none","transfer-encoding":"chunked"}
[debug] [2022-02-03T06:14:49.214Z] >>> HTTP REQUEST POST https://firebasehosting.googleapis.com/v1beta1/sites/nft-preview-card-compone-6ba98/versions  
 {"config":{"rewrites":[{"glob":"**","path":"/index.html"}]},"labels":{"deployment-tool":"cli-firebase"}}
[debug] [2022-02-03T06:14:50.696Z] <<< HTTP RESPONSE 200 {"content-type":"application/json; charset=UTF-8","vary":"X-Origin, Referer, Origin,Accept-Encoding","date":"Thu, 03 Feb 2022 06:14:52 GMT","server":"ESF","cache-control":"private","x-xss-protection":"0","x-frame-options":"SAMEORIGIN","x-content-type-options":"nosniff","alt-svc":"h3=\":443\"; ma=2592000,h3-29=\":443\"; ma=2592000,h3-Q050=\":443\"; ma=2592000,h3-Q046=\":443\"; ma=2592000,h3-Q043=\":443\"; ma=2592000,quic=\":443\"; ma=2592000; v=\"46,43\"","accept-ranges":"none","transfer-encoding":"chunked"}
[info] i  hosting[nft-preview-card-compone-6ba98]: beginning deploy... 
[info] i  hosting[nft-preview-card-compone-6ba98]: found 8 files in public 
[debug] [2022-02-03T06:14:50.703Z] [hosting] hash cache [cHVibGlj] not populated
[debug] [2022-02-03T06:14:50.709Z] > refreshing access token with scopes: []
[debug] [2022-02-03T06:14:50.710Z] >>> HTTP REQUEST POST https://www.googleapis.com/oauth2/v3/token  
 <request body omitted>
[debug] [2022-02-03T06:14:50.714Z] [hosting] hash cache [cHVibGlj] stored for 8 files
[debug] [2022-02-03T06:14:50.715Z] [hosting][hash queue][FINAL] {"max":4,"min":3,"avg":3.625,"active":0,"complete":8,"success":8,"errored":0,"retried":0,"total":8,"elapsed":11}
[debug] [2022-02-03T06:14:50.828Z] <<< HTTP RESPONSE 200 {"cache-control":"no-cache, no-store, max-age=0, must-revalidate","pragma":"no-cache","expires":"Mon, 01 Jan 1990 00:00:00 GMT","date":"Thu, 03 Feb 2022 06:14:52 GMT","content-type":"application/json; charset=utf-8","vary":"X-Origin, Referer, Origin,Accept-Encoding","server":"scaffolding on HTTPServer2","x-xss-protection":"0","x-frame-options":"SAMEORIGIN","x-content-type-options":"nosniff","alt-svc":"h3=\":443\"; ma=2592000,h3-29=\":443\"; ma=2592000,h3-Q050=\":443\"; ma=2592000,h3-Q046=\":443\"; ma=2592000,h3-Q043=\":443\"; ma=2592000,quic=\":443\"; ma=2592000; v=\"46,43\"","accept-ranges":"none","transfer-encoding":"chunked"}
[debug] [2022-02-03T06:14:50.835Z] >>> [apiv2][query] POST https://firebasehosting.googleapis.com/v1beta1/sites/nft-preview-card-compone-6ba98/versions/1f0761cf7036146d:populateFiles [none]
[debug] [2022-02-03T06:14:50.836Z] >>> [apiv2][body] POST https://firebasehosting.googleapis.com/v1beta1/sites/nft-preview-card-compone-6ba98/versions/1f0761cf7036146d:populateFiles {"files":{"/index.html":"acd9ddd19b317dea56d5356c8d7deb60b1443b44e80dd13449461b9a0e77385a","/style.css":"c1d9c8ceda603e9fbadd5939bb0bc16173e2ce2b7f9b97c438380d6282b47fa7","/images/favicon-32x32.png":"29750e589921f6c41835abe1859e3dc59a8b4f30ff3b5728a0dda38b978eed79","/images/icon-clock.svg":"dd5730dd4345c64350bcd56905900cdfb7dd3c6fe118efbdc0dcd7d91ecb026b","/images/icon-ethereum.svg":"f08480ec810a8861a4641170faa2da3d2531ee7c8a6c68694cbfbb079d4f377f","/images/icon-view.svg":"fbe9d4021401f867f30116f2e1d239ce95311d2570be7a5183a52f5e66f560af","/images/image-avatar.png":"aaa7589ccf8848089dccb66e44608ff7d0742270adba323b5b0f937cd2438733","/images/image-equilibrium.jpg":"547a0be8b07e3424983ba9dfcd3f6f0e3c2f2cc7758a17a4033ea7dbececd2ad"}}
[debug] [2022-02-03T06:14:51.255Z] <<< [apiv2][status] POST https://firebasehosting.googleapis.com/v1beta1/sites/nft-preview-card-compone-6ba98/versions/1f0761cf7036146d:populateFiles 200
[debug] [2022-02-03T06:14:51.255Z] <<< [apiv2][body] POST https://firebasehosting.googleapis.com/v1beta1/sites/nft-preview-card-compone-6ba98/versions/1f0761cf7036146d:populateFiles {"uploadRequiredHashes":["fbe9d4021401f867f30116f2e1d239ce95311d2570be7a5183a52f5e66f560af","aaa7589ccf8848089dccb66e44608ff7d0742270adba323b5b0f937cd2438733","547a0be8b07e3424983ba9dfcd3f6f0e3c2f2cc7758a17a4033ea7dbececd2ad","acd9ddd19b317dea56d5356c8d7deb60b1443b44e80dd13449461b9a0e77385a","c1d9c8ceda603e9fbadd5939bb0bc16173e2ce2b7f9b97c438380d6282b47fa7","29750e589921f6c41835abe1859e3dc59a8b4f30ff3b5728a0dda38b978eed79","dd5730dd4345c64350bcd56905900cdfb7dd3c6fe118efbdc0dcd7d91ecb026b","f08480ec810a8861a4641170faa2da3d2531ee7c8a6c68694cbfbb079d4f377f"],"uploadUrl":"https://upload-firebasehosting.googleapis.com/upload/sites/nft-preview-card-compone-6ba98/versions/1f0761cf7036146d/files"}
[debug] [2022-02-03T06:14:51.256Z] >>> [apiv2][query] POST https://upload-firebasehosting.googleapis.com/upload/sites/nft-preview-card-compone-6ba98/versions/1f0761cf7036146d/files/fbe9d4021401f867f30116f2e1d239ce95311d2570be7a5183a52f5e66f560af [none]
[debug] [2022-02-03T06:14:51.256Z] >>> [apiv2][body] POST https://upload-firebasehosting.googleapis.com/upload/sites/nft-preview-card-compone-6ba98/versions/1f0761cf7036146d/files/fbe9d4021401f867f30116f2e1d239ce95311d2570be7a5183a52f5e66f560af [stream]
[debug] [2022-02-03T06:14:51.257Z] >>> [apiv2][query] POST https://upload-firebasehosting.googleapis.com/upload/sites/nft-preview-card-compone-6ba98/versions/1f0761cf7036146d/files/aaa7589ccf8848089dccb66e44608ff7d0742270adba323b5b0f937cd2438733 [none]
[debug] [2022-02-03T06:14:51.257Z] >>> [apiv2][body] POST https://upload-firebasehosting.googleapis.com/upload/sites/nft-preview-card-compone-6ba98/versions/1f0761cf7036146d/files/aaa7589ccf8848089dccb66e44608ff7d0742270adba323b5b0f937cd2438733 [stream]
[debug] [2022-02-03T06:14:51.257Z] >>> [apiv2][query] POST https://upload-firebasehosting.googleapis.com/upload/sites/nft-preview-card-compone-6ba98/versions/1f0761cf7036146d/files/547a0be8b07e3424983ba9dfcd3f6f0e3c2f2cc7758a17a4033ea7dbececd2ad [none]
[debug] [2022-02-03T06:14:51.257Z] >>> [apiv2][body] POST https://upload-firebasehosting.googleapis.com/upload/sites/nft-preview-card-compone-6ba98/versions/1f0761cf7036146d/files/547a0be8b07e3424983ba9dfcd3f6f0e3c2f2cc7758a17a4033ea7dbececd2ad [stream]
[debug] [2022-02-03T06:14:51.258Z] >>> [apiv2][query] POST https://upload-firebasehosting.googleapis.com/upload/sites/nft-preview-card-compone-6ba98/versions/1f0761cf7036146d/files/acd9ddd19b317dea56d5356c8d7deb60b1443b44e80dd13449461b9a0e77385a [none]
[debug] [2022-02-03T06:14:51.258Z] >>> [apiv2][body] POST https://upload-firebasehosting.googleapis.com/upload/sites/nft-preview-card-compone-6ba98/versions/1f0761cf7036146d/files/acd9ddd19b317dea56d5356c8d7deb60b1443b44e80dd13449461b9a0e77385a [stream]
[debug] [2022-02-03T06:14:51.258Z] >>> [apiv2][query] POST https://upload-firebasehosting.googleapis.com/upload/sites/nft-preview-card-compone-6ba98/versions/1f0761cf7036146d/files/c1d9c8ceda603e9fbadd5939bb0bc16173e2ce2b7f9b97c438380d6282b47fa7 [none]
[debug] [2022-02-03T06:14:51.258Z] >>> [apiv2][body] POST https://upload-firebasehosting.googleapis.com/upload/sites/nft-preview-card-compone-6ba98/versions/1f0761cf7036146d/files/c1d9c8ceda603e9fbadd5939bb0bc16173e2ce2b7f9b97c438380d6282b47fa7 [stream]
[debug] [2022-02-03T06:14:51.259Z] >>> [apiv2][query] POST https://upload-firebasehosting.googleapis.com/upload/sites/nft-preview-card-compone-6ba98/versions/1f0761cf7036146d/files/29750e589921f6c41835abe1859e3dc59a8b4f30ff3b5728a0dda38b978eed79 [none]
[debug] [2022-02-03T06:14:51.259Z] >>> [apiv2][body] POST https://upload-firebasehosting.googleapis.com/upload/sites/nft-preview-card-compone-6ba98/versions/1f0761cf7036146d/files/29750e589921f6c41835abe1859e3dc59a8b4f30ff3b5728a0dda38b978eed79 [stream]
[debug] [2022-02-03T06:14:51.259Z] >>> [apiv2][query] POST https://upload-firebasehosting.googleapis.com/upload/sites/nft-preview-card-compone-6ba98/versions/1f0761cf7036146d/files/dd5730dd4345c64350bcd56905900cdfb7dd3c6fe118efbdc0dcd7d91ecb026b [none]
[debug] [2022-02-03T06:14:51.259Z] >>> [apiv2][body] POST https://upload-firebasehosting.googleapis.com/upload/sites/nft-preview-card-compone-6ba98/versions/1f0761cf7036146d/files/dd5730dd4345c64350bcd56905900cdfb7dd3c6fe118efbdc0dcd7d91ecb026b [stream]
[debug] [2022-02-03T06:14:51.260Z] >>> [apiv2][query] POST https://upload-firebasehosting.googleapis.com/upload/sites/nft-preview-card-compone-6ba98/versions/1f0761cf7036146d/files/f08480ec810a8861a4641170faa2da3d2531ee7c8a6c68694cbfbb079d4f377f [none]
[debug] [2022-02-03T06:14:51.260Z] >>> [apiv2][body] POST https://upload-firebasehosting.googleapis.com/upload/sites/nft-preview-card-compone-6ba98/versions/1f0761cf7036146d/files/f08480ec810a8861a4641170faa2da3d2531ee7c8a6c68694cbfbb079d4f377f [stream]
[debug] [2022-02-03T06:14:51.260Z] [hosting][populate queue][FINAL] {"max":547,"min":547,"avg":547,"active":0,"complete":1,"success":1,"errored":0,"retried":0,"total":1,"elapsed":551}
[debug] [2022-02-03T06:14:51.261Z] [hosting] uploads queued: 8
[debug] [2022-02-03T06:14:51.984Z] <<< [apiv2][status] POST https://upload-firebasehosting.googleapis.com/upload/sites/nft-preview-card-compone-6ba98/versions/1f0761cf7036146d/files/547a0be8b07e3424983ba9dfcd3f6f0e3c2f2cc7758a17a4033ea7dbececd2ad 200
[debug] [2022-02-03T06:14:51.984Z] <<< [apiv2][body] POST https://upload-firebasehosting.googleapis.com/upload/sites/nft-preview-card-compone-6ba98/versions/1f0761cf7036146d/files/547a0be8b07e3424983ba9dfcd3f6f0e3c2f2cc7758a17a4033ea7dbececd2ad [stream]
[debug] [2022-02-03T06:14:51.985Z] <<< [apiv2][status] POST https://upload-firebasehosting.googleapis.com/upload/sites/nft-preview-card-compone-6ba98/versions/1f0761cf7036146d/files/aaa7589ccf8848089dccb66e44608ff7d0742270adba323b5b0f937cd2438733 200
[debug] [2022-02-03T06:14:51.985Z] <<< [apiv2][body] POST https://upload-firebasehosting.googleapis.com/upload/sites/nft-preview-card-compone-6ba98/versions/1f0761cf7036146d/files/aaa7589ccf8848089dccb66e44608ff7d0742270adba323b5b0f937cd2438733 [stream]
[debug] [2022-02-03T06:14:51.989Z] <<< [apiv2][status] POST https://upload-firebasehosting.googleapis.com/upload/sites/nft-preview-card-compone-6ba98/versions/1f0761cf7036146d/files/29750e589921f6c41835abe1859e3dc59a8b4f30ff3b5728a0dda38b978eed79 200
[debug] [2022-02-03T06:14:51.990Z] <<< [apiv2][body] POST https://upload-firebasehosting.googleapis.com/upload/sites/nft-preview-card-compone-6ba98/versions/1f0761cf7036146d/files/29750e589921f6c41835abe1859e3dc59a8b4f30ff3b5728a0dda38b978eed79 [stream]
[debug] [2022-02-03T06:14:51.990Z] <<< [apiv2][status] POST https://upload-firebasehosting.googleapis.com/upload/sites/nft-preview-card-compone-6ba98/versions/1f0761cf7036146d/files/fbe9d4021401f867f30116f2e1d239ce95311d2570be7a5183a52f5e66f560af 200
[debug] [2022-02-03T06:14:51.991Z] <<< [apiv2][body] POST https://upload-firebasehosting.googleapis.com/upload/sites/nft-preview-card-compone-6ba98/versions/1f0761cf7036146d/files/fbe9d4021401f867f30116f2e1d239ce95311d2570be7a5183a52f5e66f560af [stream]
[debug] [2022-02-03T06:14:52.100Z] <<< [apiv2][status] POST https://upload-firebasehosting.googleapis.com/upload/sites/nft-preview-card-compone-6ba98/versions/1f0761cf7036146d/files/acd9ddd19b317dea56d5356c8d7deb60b1443b44e80dd13449461b9a0e77385a 200
[debug] [2022-02-03T06:14:52.101Z] <<< [apiv2][body] POST https://upload-firebasehosting.googleapis.com/upload/sites/nft-preview-card-compone-6ba98/versions/1f0761cf7036146d/files/acd9ddd19b317dea56d5356c8d7deb60b1443b44e80dd13449461b9a0e77385a [stream]
[debug] [2022-02-03T06:14:52.143Z] <<< [apiv2][status] POST https://upload-firebasehosting.googleapis.com/upload/sites/nft-preview-card-compone-6ba98/versions/1f0761cf7036146d/files/f08480ec810a8861a4641170faa2da3d2531ee7c8a6c68694cbfbb079d4f377f 200
[debug] [2022-02-03T06:14:52.143Z] <<< [apiv2][body] POST https://upload-firebasehosting.googleapis.com/upload/sites/nft-preview-card-compone-6ba98/versions/1f0761cf7036146d/files/f08480ec810a8861a4641170faa2da3d2531ee7c8a6c68694cbfbb079d4f377f [stream]
[debug] [2022-02-03T06:14:52.149Z] <<< [apiv2][status] POST https://upload-firebasehosting.googleapis.com/upload/sites/nft-preview-card-compone-6ba98/versions/1f0761cf7036146d/files/c1d9c8ceda603e9fbadd5939bb0bc16173e2ce2b7f9b97c438380d6282b47fa7 200
[debug] [2022-02-03T06:14:52.149Z] <<< [apiv2][body] POST https://upload-firebasehosting.googleapis.com/upload/sites/nft-preview-card-compone-6ba98/versions/1f0761cf7036146d/files/c1d9c8ceda603e9fbadd5939bb0bc16173e2ce2b7f9b97c438380d6282b47fa7 [stream]
[debug] [2022-02-03T06:14:52.473Z] <<< [apiv2][status] POST https://upload-firebasehosting.googleapis.com/upload/sites/nft-preview-card-compone-6ba98/versions/1f0761cf7036146d/files/dd5730dd4345c64350bcd56905900cdfb7dd3c6fe118efbdc0dcd7d91ecb026b 200
[debug] [2022-02-03T06:14:52.473Z] <<< [apiv2][body] POST https://upload-firebasehosting.googleapis.com/upload/sites/nft-preview-card-compone-6ba98/versions/1f0761cf7036146d/files/dd5730dd4345c64350bcd56905900cdfb7dd3c6fe118efbdc0dcd7d91ecb026b [stream]
[debug] [2022-02-03T06:14:52.473Z] [hosting][upload queue][FINAL] {"max":1217,"min":729,"avg":846.625,"active":0,"complete":8,"success":8,"errored":0,"retried":0,"total":8,"elapsed":1218}
[info] +  hosting[nft-preview-card-compone-6ba98]: file upload complete 
[debug] [2022-02-03T06:14:52.474Z] [hosting] deploy completed after 1777ms
[debug] [2022-02-03T06:14:52.476Z] [
  {
    "config": {
      "public": "public",
      "ignore": [
        "firebase.json",
        "**/.*",
        "**/node_modules/**"
      ],
      "rewrites": [
        {
          "source": "**",
          "destination": "/index.html"
        }
      ],
      "site": "nft-preview-card-compone-6ba98"
    },
    "site": "nft-preview-card-compone-6ba98",
    "version": "sites/nft-preview-card-compone-6ba98/versions/1f0761cf7036146d"
  }
]
[info] i  hosting[nft-preview-card-compone-6ba98]: finalizing version... 
[debug] [2022-02-03T06:14:52.476Z] > refreshing access token with scopes: ["email","https://www.googleapis.com/auth/cloud-platform","https://www.googleapis.com/auth/cloudplatformprojects.readonly","https://www.googleapis.com/auth/firebase","openid"]
[debug] [2022-02-03T06:14:52.476Z] >>> HTTP REQUEST POST https://www.googleapis.com/oauth2/v3/token  
 <request body omitted>
[debug] [2022-02-03T06:14:52.584Z] <<< HTTP RESPONSE 200 {"expires":"Mon, 01 Jan 1990 00:00:00 GMT","date":"Thu, 03 Feb 2022 06:14:54 GMT","pragma":"no-cache","cache-control":"no-cache, no-store, max-age=0, must-revalidate","content-type":"application/json; charset=utf-8","vary":"X-Origin, Referer, Origin,Accept-Encoding","server":"scaffolding on HTTPServer2","x-xss-protection":"0","x-frame-options":"SAMEORIGIN","x-content-type-options":"nosniff","alt-svc":"h3=\":443\"; ma=2592000,h3-29=\":443\"; ma=2592000,h3-Q050=\":443\"; ma=2592000,h3-Q046=\":443\"; ma=2592000,h3-Q043=\":443\"; ma=2592000,quic=\":443\"; ma=2592000; v=\"46,43\"","accept-ranges":"none","transfer-encoding":"chunked"}
[debug] [2022-02-03T06:14:52.590Z] >>> HTTP REQUEST PATCH https://firebasehosting.googleapis.com/v1beta1/sites/nft-preview-card-compone-6ba98/versions/1f0761cf7036146d?updateMask=status  
 {"status":"FINALIZED"}
